<?xml version="1.0" encoding="UTF-8"?>
<!-- Generated by org.testng.reporters.JUnitXMLReporter -->
<testsuite ignored="0" hostname="DESKTOP-F55OVVE" failures="0" tests="12" name="Default test" time="233.45" errors="0" timestamp="2023-02-09T12:40:19 IST">
  <testcase classname="com.TestCases.HomePageTest" name="homePage_CurrentUrl_ValidationTest" time="0.061"/>
  <testcase classname="com.TestCases.HomePageTest" name="homePage_OrangeHRMLogo_ValidationTest" time="2.876"/>
  <testcase classname="com.TestCases.HomePageTest" name="homePage_Admin_ValidationTest" time="4.528"/>
  <testcase classname="com.TestCases.HomePageTest" name="homePage_PIM_ValidationTest" time="3.772"/>
  <testcase classname="com.TestCases.HomePageTest" name="homePage_Leave_ValidationTest" time="3.881"/>
  <testcase classname="com.TestCases.HomePageTest" name="homePage_DashboardValidationTest" time="1.402"/>
  <testcase classname="com.TestCases.HomePageTest" name="homePage_CurrentActivePage_ValidationTest" time="11.668"/>
  <testcase classname="com.TestCases.HomePageTest" name="homePage_UserProfilePhoto_ValidationTest" time="2.461"/>
  <testcase classname="com.TestCases.HomePageTest" name="homePage_LoggedInUserName_ValidationTest" time="2.2"/>
  <testcase classname="com.TestCases.HomePageTest" name="homePage_UserDropDownAbout_ValidationTest" time="3.699"/>
  <testcase classname="com.TestCases.HomePageTest" name="homePage_UserDropDownSupport_ValidationTest" time="4.81"/>
  <testcase classname="com.TestCases.HomePageTest" name="homePage_UserDropDownLogout_ValidationTest" time="4.098"/>
</testsuite> <!-- Default test -->
