<?xml version="1.0" encoding="UTF-8"?>
<!-- Generated by org.testng.reporters.JUnitXMLReporter -->
<testsuite ignored="0" hostname="DESKTOP-F55OVVE" failures="0" tests="2" name="Default test" time="30.585" errors="0" timestamp="2023-02-08T18:40:58 IST">
  <testcase classname="com.TestCases.SendPasswordResetPageTest" name="sendPasswordResetPageCurrentUrlTest" time="1.132"/>
  <testcase classname="com.TestCases.SendPasswordResetPageTest" name="sendPasswordRestTest" time="1.807"/>
</testsuite> <!-- Default test -->
