<?xml version="1.0" encoding="UTF-8"?>
<!-- Generated by org.testng.reporters.JUnitXMLReporter -->
<testsuite ignored="2" hostname="DESKTOP-F55OVVE" failures="1" tests="10" name="Test" time="189.895" errors="0" timestamp="2023-02-08T18:00:30 IST">
  <testcase classname="com.TestCases.LoginPageTest" name="loginPage_Title_Test" time="0.047"/>
  <testcase classname="com.TestCases.ResetPasswordTest" name="resetPasswordPage_ResetPasswordTextTest" time="0.391"/>
  <testcase classname="com.TestCases.SendPasswordResetPageTest" name="sendPasswordResetPageCurrentUrlTest" time="1.347"/>
  <testcase classname="com.TestCases.LoginPageTest" name="loginPage_CurrentUrl_Test" time="0.024"/>
  <testcase classname="com.TestCases.ResetPasswordTest" name="resetPasswordPage_CurrentUrlTest" time="0.03"/>
  <testcase classname="com.TestCases.SendPasswordResetPageTest" name="sendPasswordRestTest" time="0.011">
    <failure type="java.lang.NullPointerException" message="Cannot invoke &amp;quot;org.openqa.selenium.WebElement.getText()&amp;quot; because &amp;quot;this.resetPasswrodLinkSentSuccessfullyE&amp;quot; is null">
      <![CDATA[java.lang.NullPointerException: Cannot invoke "org.openqa.selenium.WebElement.getText()" because "this.resetPasswrodLinkSentSuccessfullyE" is null
at com.ApplicationWebPages.SendPasswordResetPage.sendPasswordRest(SendPasswordResetPage.java:24)
at com.TestCases.SendPasswordResetPageTest.sendPasswordRestTest(SendPasswordResetPageTest.java:49)
at java.base/java.util.ArrayList.forEach(ArrayList.java:1511)
at java.base/java.util.concurrent.FutureTask.run(FutureTask.java:264)
at java.base/java.util.concurrent.ThreadPoolExecutor.runWorker(ThreadPoolExecutor.java:1136)
at java.base/java.util.concurrent.ThreadPoolExecutor$Worker.run(ThreadPoolExecutor.java:635)
at java.base/java.lang.Thread.run(Thread.java:833)
... Removed 17 stack frames]]>
    </failure>
  </testcase> <!-- sendPasswordRestTest -->
  <testcase classname="com.TestCases.LoginPageTest" name="loginPage_OrangeHRMLogoTest" time="1.206"/>
  <testcase classname="com.TestCases.ResetPasswordTest" name="resetPasswordPage_EnterUserName_CancelTest" time="2.771"/>
  <testcase classname="com.TestCases.LoginPageTest" name="loginPage_LoginTest" time="1.917"/>
  <testcase classname="com.TestCases.ResetPasswordTest" name="resetPasswordPage_EnterUserName_ResetPasswordTest" time="0.773"/>
  <testcase classname="com.BaseClass.Base" name="@BeforeSuite extentReportsInititation" time="0.0">
    <ignored/>
  </testcase> <!-- @BeforeSuite extentReportsInititation -->
  <testcase classname="com.BaseClass.Base" name="@BeforeSuite extentReportsInititation" time="0.0">
    <ignored/>
  </testcase> <!-- @BeforeSuite extentReportsInititation -->
</testsuite> <!-- Test -->
