<?xml version="1.0" encoding="UTF-8"?>
<!-- Generated by org.testng.reporters.JUnitXMLReporter -->
<testsuite ignored="4" hostname="DESKTOP-F55OVVE" failures="0" tests="28" name="Test" time="343.102" errors="0" timestamp="2023-02-09T15:23:14 IST">
  <testcase classname="com.TestCases.LoginPageTest" name="loginPage_Title_Test" time="0.045"/>
  <testcase classname="com.TestCases.LoginPageTest" name="loginPage_CurrentUrl_Test" time="0.026"/>
  <testcase classname="com.TestCases.LoginPageTest" name="loginPage_OrangeHRMLogoTest" time="0.822"/>
  <testcase classname="com.TestCases.LoginPageTest" name="loginPage_LoginTest" time="2.639"/>
  <testcase classname="com.TestCases.HomePageTest" name="homePage_CurrentUrl_ValidationTest" time="1.481"/>
  <testcase classname="com.TestCases.HomePageTest" name="homePage_OrangeHRMLogo_ValidationTest" time="1.93"/>
  <testcase classname="com.TestCases.HomePageTest" name="homePage_Admin_ValidationTest" time="2.613"/>
  <testcase classname="com.TestCases.HomePageTest" name="homePage_PIM_ValidationTest" time="3.751"/>
  <testcase classname="com.TestCases.HomePageTest" name="homePage_Leave_ValidationTest" time="3.679"/>
  <testcase classname="com.TestCases.HomePageTest" name="homePage_DashboardValidationTest" time="1.5"/>
  <testcase classname="com.TestCases.HomePageTest" name="homePage_CurrentActivePage_ValidationTest" time="2.183"/>
  <testcase classname="com.TestCases.HomePageTest" name="homePage_UserProfilePhoto_ValidationTest" time="1.982"/>
  <testcase classname="com.TestCases.HomePageTest" name="homePage_LoggedInUserName_ValidationTest" time="0.627"/>
  <testcase classname="com.TestCases.HomePageTest" name="homePage_UserDropDownAbout_ValidationTest" time="3.437"/>
  <testcase classname="com.TestCases.HomePageTest" name="homePage_UserDropDownSupport_ValidationTest" time="3.95"/>
  <testcase classname="com.TestCases.HomePageTest" name="homePage_UserDropDownLogout_ValidationTest" time="5.724"/>
  <testcase classname="com.TestCases.HomePIMPageTest" name="pimPage_CurrentURL_Test" time="0.018"/>
  <testcase classname="com.TestCases.HomePIMPageTest" name="pimPage_Label_Test" time="0.677"/>
  <testcase classname="com.TestCases.HomePIMPageTest" name="pimEmployeeList_Test" time="1.92"/>
  <testcase classname="com.TestCases.HomePIMPageTest" name="pimAddEmployeeList_Test" time="1.663"/>
  <testcase classname="com.TestCases.HomePIMPageTest" name="pimReports_Test" time="1.748"/>
  <testcase classname="com.TestCases.HomePIMPageTest" name="pimConfigurationOptionalFields_Test" time="1.837"/>
  <testcase classname="com.TestCases.ResetPasswordTest" name="resetPasswordPage_ResetPasswordTextTest" time="0.334"/>
  <testcase classname="com.TestCases.ResetPasswordTest" name="resetPasswordPage_CurrentUrlTest" time="0.019"/>
  <testcase classname="com.TestCases.ResetPasswordTest" name="resetPasswordPage_EnterUserName_CancelTest" time="2.379"/>
  <testcase classname="com.TestCases.ResetPasswordTest" name="resetPasswordPage_EnterUserName_ResetPasswordTest" time="0.662"/>
  <testcase classname="com.TestCases.SendPasswordResetPageTest" name="sendPasswordResetPageCurrentUrlTest" time="1.275"/>
  <testcase classname="com.TestCases.SendPasswordResetPageTest" name="sendPasswordRestTest" time="1.728"/>
  <testcase classname="com.BaseClass.Base" name="@BeforeSuite extentReportsInititation" time="0.0">
    <ignored/>
  </testcase> <!-- @BeforeSuite extentReportsInititation -->
  <testcase classname="com.BaseClass.Base" name="@BeforeSuite extentReportsInititation" time="0.0">
    <ignored/>
  </testcase> <!-- @BeforeSuite extentReportsInititation -->
  <testcase classname="com.BaseClass.Base" name="@BeforeSuite extentReportsInititation" time="0.0">
    <ignored/>
  </testcase> <!-- @BeforeSuite extentReportsInititation -->
  <testcase classname="com.BaseClass.Base" name="@BeforeSuite extentReportsInititation" time="0.0">
    <ignored/>
  </testcase> <!-- @BeforeSuite extentReportsInititation -->
</testsuite> <!-- Test -->
