<?xml version="1.0" encoding="UTF-8"?>
<testng-results ignored="0" total="1" passed="1" failed="0" skipped="0">
  <reporter-output>
  </reporter-output>
  <suite started-at="2023-02-20T17:06:41 IST" name="Default suite" finished-at="2023-02-20T17:07:12 IST" duration-ms="30543">
    <groups>
    </groups>
    <test started-at="2023-02-20T17:06:41 IST" name="Default test" finished-at="2023-02-20T17:07:12 IST" duration-ms="30543">
      <class name="com.TestCases.PIMAddEmployeeTest">
        <test-method is-config="true" signature="extentReportsInititation()[pri:0, instance:com.TestCases.PIMAddEmployeeTest@5a45133e]" started-at="2023-02-20T17:06:40 IST" name="extentReportsInititation" finished-at="2023-02-20T17:06:41 IST" duration-ms="641" status="PASS">
          <reporter-output>
          </reporter-output>
        </test-method> <!-- extentReportsInititation -->
        <test-method is-config="true" signature="homePimPage_SetUp()[pri:0, instance:com.TestCases.PIMAddEmployeeTest@5a45133e]" started-at="2023-02-20T17:06:41 IST" name="homePimPage_SetUp" finished-at="2023-02-20T17:06:58 IST" duration-ms="17344" status="PASS">
          <reporter-output>
          </reporter-output>
        </test-method> <!-- homePimPage_SetUp -->
        <test-method signature="addEmployee_CreateEmployee_Test()[pri:0, instance:com.TestCases.PIMAddEmployeeTest@5a45133e]" started-at="2023-02-20T17:06:58 IST" name="addEmployee_CreateEmployee_Test" finished-at="2023-02-20T17:07:11 IST" duration-ms="12320" status="PASS">
          <reporter-output>
          </reporter-output>
        </test-method> <!-- addEmployee_CreateEmployee_Test -->
        <test-method is-config="true" signature="homePimPage_TearDown()[pri:0, instance:com.TestCases.PIMAddEmployeeTest@5a45133e]" started-at="2023-02-20T17:07:11 IST" name="homePimPage_TearDown" finished-at="2023-02-20T17:07:11 IST" duration-ms="775" status="PASS">
          <reporter-output>
          </reporter-output>
        </test-method> <!-- homePimPage_TearDown -->
      </class> <!-- com.TestCases.PIMAddEmployeeTest -->
    </test> <!-- Default test -->
  </suite> <!-- Default suite -->
</testng-results>
