<?xml version="1.0" encoding="UTF-8"?>
<!-- Generated by org.testng.reporters.JUnitReportReporter -->
<testsuite hostname="DESKTOP-F55OVVE" failures="0" tests="2" name="com.TestCases.SendPasswordResetPageTest" time="30.499" errors="0" timestamp="2023-02-08T18:40:58 IST" skipped="0">
  <testcase classname="com.TestCases.SendPasswordResetPageTest" name="sendPasswordResetPageCurrentUrlTest" time="14.871"/>
  <system-out/>
  <testcase classname="com.TestCases.SendPasswordResetPageTest" name="sendPasswordRestTest" time="15.628"/>
  <system-out/>
</testsuite> <!-- com.TestCases.SendPasswordResetPageTest -->
